<?xml version="1.0" encoding="UTF-8"?>
<!-- Generated by org.testng.reporters.JUnitReportReporter -->
<testsuite skipped="0" hostname="Hp" name="com.actitime.test.CreateCustomer" tests="1" failures="0" timestamp="08 Sep 2020 18:02:55 GMT" time="31.704" errors="0">
  <testcase name="testCreateCustomer" time="31.704" classname="com.actitime.test.CreateCustomer"/>
</testsuite> <!-- com.actitime.test.CreateCustomer -->
